<?xml version="1.0" encoding="UTF-8"?>
<coverage generated="1708886013791" clover="3.2.0">
  <project timestamp="1708886013792" name="All files">
    <metrics statements="15" coveredstatements="14" conditionals="4" coveredconditionals="4" methods="5" coveredmethods="5" elements="24" coveredelements="23" complexity="0" loc="15" ncloc="15" packages="1" files="3" classes="3"/>
    <file name="even.js" path="/home/jeann/Downloads/project-jest-nodejs/even.js">
      <metrics statements="4" coveredstatements="4" conditionals="4" coveredconditionals="4" methods="1" coveredmethods="1"/>
      <line num="2" count="5" type="cond" truecount="2" falsecount="0"/>
      <line num="3" count="4" type="cond" truecount="2" falsecount="0"/>
      <line num="4" count="2" type="stmt"/>
      <line num="7" count="1" type="stmt"/>
    </file>
    <file name="fetchDataJson.js" path="/home/jeann/Downloads/project-jest-nodejs/fetchDataJson.js">
      <metrics statements="4" coveredstatements="4" conditionals="0" coveredconditionals="0" methods="3" coveredmethods="3"/>
      <line num="2" count="1" type="stmt"/>
      <line num="3" count="1" type="stmt"/>
      <line num="4" count="1" type="stmt"/>
      <line num="13" count="1" type="stmt"/>
    </file>
    <file name="getDataFromApi.js" path="/home/jeann/Downloads/project-jest-nodejs/getDataFromApi.js">
      <metrics statements="7" coveredstatements="6" conditionals="0" coveredconditionals="0" methods="1" coveredmethods="1"/>
      <line num="1" count="1" type="stmt"/>
      <line num="3" count="1" type="stmt"/>
      <line num="4" count="1" type="stmt"/>
      <line num="5" count="1" type="stmt"/>
      <line num="6" count="1" type="stmt"/>
      <line num="8" count="0" type="stmt"/>
      <line num="11" count="1" type="stmt"/>
    </file>
  </project>
</coverage>
