TN:
SF:even.js
FN:1,isEven
FNF:1
FNH:1
FNDA:5,isEven
DA:2,5
DA:3,4
DA:4,2
DA:7,1
LF:4
LH:4
BRDA:2,0,0,1
BRDA:2,0,1,4
BRDA:3,1,0,2
BRDA:3,1,1,2
BRF:4
BRH:4
end_of_record
TN:
SF:fetchDataJson.js
FN:1,fetchData
FN:2,(anonymous_1)
FN:3,(anonymous_2)
FNF:3
FNH:3
FNDA:1,fetchData
FNDA:1,(anonymous_1)
FNDA:1,(anonymous_2)
DA:2,1
DA:3,1
DA:4,1
DA:13,1
LF:4
LH:4
BRF:0
BRH:0
end_of_record
TN:
SF:getDataFromApi.js
FN:2,getDataFromApi
FNF:1
FNH:1
FNDA:1,getDataFromApi
DA:1,1
DA:3,1
DA:4,1
DA:5,1
DA:6,1
DA:8,0
DA:11,1
LF:7
LH:6
BRF:0
BRH:0
end_of_record
